<?xml version="1.0" encoding="UTF-8"?>
<testsuite xmlns:xsi="http://www.w3.org/2001/XMLSchema-instance" xsi:noNamespaceSchemaLocation="https://maven.apache.org/surefire/maven-surefire-plugin/xsd/surefire-test-report.xsd" name="com.mycompany.app.ProgramTest" time="0.241" tests="43" errors="0" skipped="0" failures="0">
  <properties>
[...]
</properties>
  <testcase name="testUtilityPrintArrayList" classname="com.mycompany.app.ProgramTest" time="0.007"/>
  <testcase name="testMaxMoveDirectCall" classname="com.mycompany.app.ProgramTest" time="0.006"/>
  <testcase name="testCheckStateWithSymbolO" classname="com.mycompany.app.ProgramTest" time="0.001"/>
  <testcase name="testCheckStateWithSymbolX" classname="com.mycompany.app.ProgramTest" time="0"/>
  <testcase name="testPrintEmptyIntArray" classname="com.mycompany.app.ProgramTest" time="0"/>
  <testcase name="testCheckStateDraw" classname="com.mycompany.app.ProgramTest" time="0"/>
  <testcase name="testCheckStateOWin" classname="com.mycompany.app.ProgramTest" time="0.001"/>
  <testcase name="testCheckStateXWin" classname="com.mycompany.app.ProgramTest" time="0"/>
  <testcase name="testMiniMaxReturnsValidMoveForEmptyBoard" classname="com.mycompany.app.ProgramTest" time="0.041"/>
  <testcase name="testUtilityPrintIntArray" classname="com.mycompany.app.ProgramTest" time="0"/>
  <testcase name="testPrintEmptyArrayList" classname="com.mycompany.app.ProgramTest" time="0.001"/>
  <testcase name="testInitialMarkerIsSpace" classname="com.mycompany.app.ProgramTest" time="0.115"/>
  <testcase name="testCheckStatePlaying" classname="com.mycompany.app.ProgramTest" time="0"/>
  <testcase name="testEvaluatePositionNotFinished" classname="com.mycompany.app.ProgramTest" time="0"/>
  <testcase name="testProgramClassExists" classname="com.mycompany.app.ProgramTest" time="0.002"/>
  <testcase name="testGenerateMoves" classname="com.mycompany.app.ProgramTest" time="0"/>
  <testcase name="testCheckStateDiagonalWinO" classname="com.mycompany.app.ProgramTest" time="0"/>
  <testcase name="testCheckStateDiagonalWinX" classname="com.mycompany.app.ProgramTest" time="0"/>
  <testcase name="testGenerateMovesNoMovesLeft" classname="com.mycompany.app.ProgramTest" time="0"/>
  <testcase name="testEvaluatePositionForLosingPlayer" classname="com.mycompany.app.ProgramTest" time="0"/>
  <testcase name="testTicTacToeCellCreation" classname="com.mycompany.app.ProgramTest" time="0.001"/>
  <testcase name="testEvaluatePositionForUnfinishedGame" classname="com.mycompany.app.ProgramTest" time="0"/>
  <testcase name="testEvaluatePositionOWin" classname="com.mycompany.app.ProgramTest" time="0"/>
  <testcase name="testEvaluatePositionXWin" classname="com.mycompany.app.ProgramTest" time="0"/>
  <testcase name="testGameInitialization" classname="com.mycompany.app.ProgramTest" time="0"/>
  <testcase name="testMiniMaxWithMultipleBestMoves" classname="com.mycompany.app.ProgramTest" time="0.002"/>
  <testcase name="testGenerateMovesWithSomeEmptyCells" classname="com.mycompany.app.ProgramTest" time="0"/>
  <testcase name="testEvaluatePositionLoseForX" classname="com.mycompany.app.ProgramTest" time="0"/>
  <testcase name="testMinMoveDirectCall" classname="com.mycompany.app.ProgramTest" time="0.003"/>
  <testcase name="testMaxMove" classname="com.mycompany.app.ProgramTest" time="0.003"/>
  <testcase name="testCheckStateVerticalWinX" classname="com.mycompany.app.ProgramTest" time="0"/>
  <testcase name="testStateValues" classname="com.mycompany.app.ProgramTest" time="0.001"/>
  <testcase name="testMainMethodExists" classname="com.mycompany.app.ProgramTest" time="0.001"/>
  <testcase name="testEvaluatePositionDrawForFullBoard" classname="com.mycompany.app.ProgramTest" time="0"/>
  <testcase name="testMinMove" classname="com.mycompany.app.ProgramTest" time="0.004"/>
  <testcase name="testUtilityPrintCharArray" classname="com.mycompany.app.ProgramTest" time="0.001"/>
  <testcase name="testSetMarker" classname="com.mycompany.app.ProgramTest" time="0"/>
  <testcase name="testGetCol" classname="com.mycompany.app.ProgramTest" time="0"/>
  <testcase name="testGetNum" classname="com.mycompany.app.ProgramTest" time="0.001"/>
  <testcase name="testGetRow" classname="com.mycompany.app.ProgramTest" time="0"/>
  <testcase name="testPrintCharArrayWithValues" classname="com.mycompany.app.ProgramTest" time="0"/>
  <testcase name="testPrintEmptyCharArray" classname="com.mycompany.app.ProgramTest" time="0"/>
  <testcase name="testMiniMaxWithAlmostFullBoard" classname="com.mycompany.app.ProgramTest" time="0"/>
</testsuite>